c:\users\thanh\onedrive\tài liệu\github\registration_system\x64\debug\vc142.pdb
c:\users\thanh\onedrive\tài liệu\github\registration_system\x64\debug\vc142.idb
c:\users\thanh\onedrive\tài liệu\github\registration_system\x64\debug\year.obj
c:\users\thanh\onedrive\tài liệu\github\registration_system\x64\debug\vector.obj
c:\users\thanh\onedrive\tài liệu\github\registration_system\x64\debug\student.obj
c:\users\thanh\onedrive\tài liệu\github\registration_system\x64\debug\semester.obj
c:\users\thanh\onedrive\tài liệu\github\registration_system\x64\debug\score.obj
c:\users\thanh\onedrive\tài liệu\github\registration_system\x64\debug\password.obj
c:\users\thanh\onedrive\tài liệu\github\registration_system\x64\debug\node process.obj
c:\users\thanh\onedrive\tài liệu\github\registration_system\x64\debug\menu.obj
c:\users\thanh\onedrive\tài liệu\github\registration_system\x64\debug\mainsource.obj
c:\users\thanh\onedrive\tài liệu\github\registration_system\x64\debug\login.obj
c:\users\thanh\onedrive\tài liệu\github\registration_system\x64\debug\file.obj
c:\users\thanh\onedrive\tài liệu\github\registration_system\x64\debug\enroll.obj
c:\users\thanh\onedrive\tài liệu\github\registration_system\x64\debug\date.obj
c:\users\thanh\onedrive\tài liệu\github\registration_system\x64\debug\course.obj
c:\users\thanh\onedrive\tài liệu\github\registration_system\x64\debug\convert.obj
c:\users\thanh\onedrive\tài liệu\github\registration_system\x64\debug\class.obj
c:\users\thanh\onedrive\tài liệu\github\registration_system\x64\debug\main source.exe
c:\users\thanh\onedrive\tài liệu\github\registration_system\x64\debug\main source.ilk
c:\users\thanh\onedrive\tài liệu\github\registration_system\x64\debug\main source.pdb
c:\users\thanh\onedrive\tài liệu\github\registration_system\x64\debug\convert.obj.enc
c:\users\thanh\onedrive\tài liệu\github\registration_system\x64\debug\file.obj.enc
c:\users\thanh\onedrive\tài liệu\github\registration_system\x64\debug\student.obj.enc
c:\users\thanh\onedrive\tài liệu\github\registration_system\x64\debug\main source.tlog\cl.command.1.tlog
c:\users\thanh\onedrive\tài liệu\github\registration_system\x64\debug\main source.tlog\cl.read.1.tlog
c:\users\thanh\onedrive\tài liệu\github\registration_system\x64\debug\main source.tlog\cl.write.1.tlog
c:\users\thanh\onedrive\tài liệu\github\registration_system\x64\debug\main source.tlog\link.command.1.tlog
c:\users\thanh\onedrive\tài liệu\github\registration_system\x64\debug\main source.tlog\link.delete.1.tlog
c:\users\thanh\onedrive\tài liệu\github\registration_system\x64\debug\main source.tlog\link.read.1.tlog
c:\users\thanh\onedrive\tài liệu\github\registration_system\x64\debug\main source.tlog\link.write.1.tlog
